<?xml version="1.0" encoding="UTF-8"?>
<!-- Generated by org.testng.reporters.JUnitReportReporter -->
<testsuite hostname="DESKTOP-56N7TUM" failures="0" tests="2" name="automationPractise.Login" time="8.173" errors="0" timestamp="2021-05-12T20:05:19 EDT" skipped="0">
  <testcase classname="automationPractise.Login" name="loginWithWrongUsernameAndPassword" time="2.028"/>
  <system-out/>
  <testcase classname="automationPractise.Login" name="loginWithUsernameAndPassword" time="6.145"/>
  <system-out/>
</testsuite> <!-- automationPractise.Login -->
