<?xml version="1.0" encoding="UTF-8"?>
<!-- Generated by org.testng.reporters.JUnitReportReporter -->
<testsuite hostname="DESKTOP-56N7TUM" failures="0" tests="2" name="automationPractise.MyAccount" time="23.710" errors="0" timestamp="2021-05-12T20:07:39 EDT" skipped="0">
  <testcase classname="automationPractise.MyAccount" name="myAccountDashBoard" time="13.114"/>
  <system-out/>
  <testcase classname="automationPractise.MyAccount" name="myAccountOrder" time="10.596"/>
  <system-out/>
</testsuite> <!-- automationPractise.MyAccount -->
