<?xml version="1.0" encoding="UTF-8"?>
<!-- Generated by org.testng.reporters.JUnitReportReporter -->
<testsuite hostname="DESKTOP-56N7TUM" failures="0" tests="2" name="automationPractise.Homepage" time="45.006" errors="0" timestamp="2021-05-12T15:48:45 EDT" skipped="0">
  <testcase classname="automationPractise.Homepage" name="homePageArrivalImageAddToBasket" time="30.969"/>
  <system-out/>
  <testcase classname="automationPractise.Homepage" name="homePageArrivalImageDescription" time="14.037"/>
  <system-out/>
</testsuite> <!-- automationPractise.Homepage -->
