<?xml version="1.0" encoding="UTF-8"?>
<!-- Generated by org.testng.reporters.JUnitReportReporter -->
<testsuite hostname="DESKTOP-56N7TUM" failures="0" tests="1" name="automationPractise.Whyyyy" time="2.077" errors="0" timestamp="2021-05-11T22:06:12 EDT" skipped="0">
  <testcase classname="automationPractise.Whyyyy" name="search" time="2.077"/>
  <system-out/>
</testsuite> <!-- automationPractise.Whyyyy -->
